<?xml version="1.0" encoding="utf-8"?><testsuites name="pytest tests"><testsuite name="pytest" errors="0" failures="0" skipped="0" tests="10" time="4.906" timestamp="2026-05-09T10:21:01.378063+00:00" hostname="agent-env-b488093f-72e0-44fe-b5b3-e127d945cefd"><testcase classname="backend.tests.backend_test" name="test_root_welcome" time="0.362" /><testcase classname="backend.tests.backend_test" name="test_status_post_and_get" time="0.325" /><testcase classname="backend.tests.backend_test" name="test_contact_valid_payload_returns_200" time="0.497" /><testcase classname="backend.tests.backend_test" name="test_contact_persisted_in_mongo_via_get_contacts" time="0.551" /><testcase classname="backend.tests.backend_test" name="test_contacts_sorted_recent_first" time="1.975" /><testcase classname="backend.tests.backend_test" name="test_contact_invalid_email_returns_422" time="0.215" /><testcase classname="backend.tests.backend_test" name="test_contact_missing_name_returns_422" time="0.126" /><testcase classname="backend.tests.backend_test" name="test_contact_missing_email_returns_422" time="0.139" /><testcase classname="backend.tests.backend_test" name="test_contact_missing_message_returns_422" time="0.137" /><testcase classname="backend.tests.backend_test" name="test_contact_empty_strings_return_422" time="0.125" /></testsuite></testsuites>